<?xml version="1.0" encoding="UTF-8"?>
<!-- Generated by org.testng.reporters.JUnitReportReporter -->
<testsuite hostname="Smita-PC" name="com.ca.cleartrip.flight.testscripts.FlightTest" tests="1" failures="0" timestamp="30 Aug 2018 17:54:52 GMT" time="40.605" errors="0">
  <testcase name="testSearchFlight" time="40.605" classname="com.ca.cleartrip.flight.testscripts.FlightTest"/>
</testsuite> <!-- com.ca.cleartrip.flight.testscripts.FlightTest -->
